Using pre-set license
Built from '6000.0/staging' branch; Version is '6000.0.36f1 (9fe3b5f71dbb) revision 10478517'; Using compiler version '193933523'; Build Type 'Release'
OS: 'Windows 10  (10.0.19045) 64bit Professional' Language: 'ru' Physical Memory: 16202 MB
BatchMode: 1, IsHumanControllingUs: 0, StartBugReporterOnCrash: 0, Is64bit: 1, IsPro: 1

COMMAND LINE ARGUMENTS:
C:\Program Files\Unity\Hub\Editor\6000.0.36f1\Editor\Unity.exe
-adb2
-batchMode
-noUpm
-name
AssetImportWorker6
-projectPath
D:/UnityPrjs/MyGamePrjct/RPG3D
-logFile
Logs/AssetImportWorker6.log
-srvPort
51579
-job-worker-count
7
-background-job-worker-count
8
-gc-helper-count
1
Successfully changed project path to: D:/UnityPrjs/MyGamePrjct/RPG3D
D:/UnityPrjs/MyGamePrjct/RPG3D
[UnityMemory] Configuration Parameters - Can be set up in boot.config
    "memorysetup-bucket-allocator-granularity=16"
    "memorysetup-bucket-allocator-bucket-count=8"
    "memorysetup-bucket-allocator-block-size=33554432"
    "memorysetup-bucket-allocator-block-count=8"
    "memorysetup-main-allocator-block-size=16777216"
    "memorysetup-thread-allocator-block-size=16777216"
    "memorysetup-gfx-main-allocator-block-size=16777216"
    "memorysetup-gfx-thread-allocator-block-size=16777216"
    "memorysetup-cache-allocator-block-size=4194304"
    "memorysetup-typetree-allocator-block-size=2097152"
    "memorysetup-profiler-bucket-allocator-granularity=16"
    "memorysetup-profiler-bucket-allocator-bucket-count=8"
    "memorysetup-profiler-bucket-allocator-block-size=33554432"
    "memorysetup-profiler-bucket-allocator-block-count=8"
    "memorysetup-profiler-allocator-block-size=16777216"
    "memorysetup-profiler-editor-allocator-block-size=1048576"
    "memorysetup-temp-allocator-size-main=16777216"
    "memorysetup-job-temp-allocator-block-size=2097152"
    "memorysetup-job-temp-allocator-block-size-background=1048576"
    "memorysetup-job-temp-allocator-reduction-small-platforms=262144"
    "memorysetup-allocator-temp-initial-block-size-main=262144"
    "memorysetup-allocator-temp-initial-block-size-worker=262144"
    "memorysetup-temp-allocator-size-background-worker=32768"
    "memorysetup-temp-allocator-size-job-worker=262144"
    "memorysetup-temp-allocator-size-preload-manager=33554432"
    "memorysetup-temp-allocator-size-nav-mesh-worker=65536"
    "memorysetup-temp-allocator-size-audio-worker=65536"
    "memorysetup-temp-allocator-size-cloud-worker=32768"
    "memorysetup-temp-allocator-size-gi-baking-worker=262144"
    "memorysetup-temp-allocator-size-gi-baking-worker=262144"
    "memorysetup-temp-allocator-size-gi-baking-worker=262144"
    "memorysetup-temp-allocator-size-gi-baking-worker=262144"
    "memorysetup-temp-allocator-size-gi-baking-worker=262144"
    "memorysetup-temp-allocator-size-gfx=262144"
Player connection [23040]  Target information:

Player connection [23040]  * "[IP] 192.168.1.8 [Port] 0 [Flags] 2 [Guid] 941004810 [EditorId] 941004810 [Version] 1048832 [Id] WindowsEditor(7,DESKTOP-O83DMA8) [Debug] 1 [PackageName] WindowsEditor [ProjectName] Editor" 

Player connection [23040] Host joined multi-casting on [225.0.0.222:54997]...
Player connection [23040] Host joined alternative multi-casting on [225.0.0.222:34997]...
JobSystem: Creating JobQueue using job-worker-count value 7
Input System module state changed to: Initialized.
[Physics::Module] Initialized fallback backend.
[Physics::Module] Id: 0xdecafbad
Library Redirect Path: Library/
[Physics::Module] Selected backend.
[Physics::Module] Name: PhysX
[Physics::Module] Id: 0xf2b8ea05
[Physics::Module] SDK Version: 4.1.2
[Physics::Module] Integration Version: 1.0.0
[Physics::Module] Threading Mode: Multi-Threaded
Refreshing native plugins compatible for Editor in 0.88 ms, found 3 plugins.
Preloading 0 native plugins for Editor in 0.00 ms.
Initialize engine version: 6000.0.36f1 (9fe3b5f71dbb)
[Subsystems] Discovering subsystems at path C:/Program Files/Unity/Hub/Editor/6000.0.36f1/Editor/Data/Resources/UnitySubsystems
[Subsystems] Discovering subsystems at path D:/UnityPrjs/MyGamePrjct/RPG3D/Assets
GfxDevice: creating device client; kGfxThreadingModeNonThreaded
Direct3D:
    Version:  Direct3D 11.0 [level 11.1]
    Renderer: NVIDIA GeForce RTX 4050 Laptop GPU (ID=0x28e1)
    Vendor:   NVIDIA
    VRAM:     5921 MB
    Driver:   32.0.15.5597
Initialize mono
Mono path[0] = 'C:/Program Files/Unity/Hub/Editor/6000.0.36f1/Editor/Data/Managed'
Mono path[1] = 'C:/Program Files/Unity/Hub/Editor/6000.0.36f1/Editor/Data/MonoBleedingEdge/lib/mono/unityjit-win32'
Mono config path = 'C:/Program Files/Unity/Hub/Editor/6000.0.36f1/Editor/Data/MonoBleedingEdge/etc'
Using monoOptions --debugger-agent=transport=dt_socket,embedding=1,server=y,suspend=n,address=127.0.0.1:56868
Begin MonoManager ReloadAssembly
Registering precompiled unity dll's ...
Register platform support module: C:/Program Files/Unity/Hub/Editor/6000.0.36f1/Editor/Data/PlaybackEngines/WindowsStandaloneSupport/UnityEditor.WindowsStandalone.Extensions.dll
Register platform support module: C:/Program Files/Unity/Hub/Editor/6000.0.36f1/Editor/Data/PlaybackEngines/AndroidPlayer/UnityEditor.Android.Extensions.dll
Registered in 0.004251 seconds.
- Loaded All Assemblies, in  0.346 seconds
Native extension for Android target not found
Android Extension - Scanning For ADB Devices 208 ms
Native extension for WindowsStandalone target not found
Mono: successfully reloaded assembly
- Finished resetting the current domain, in  0.545 seconds
Domain Reload Profiling: 889ms
	BeginReloadAssembly (107ms)
		ExecutionOrderSort (0ms)
		DisableScriptedObjects (0ms)
		BackupInstance (0ms)
		ReleaseScriptingObjects (0ms)
		CreateAndSetChildDomain (1ms)
	RebuildCommonClasses (31ms)
	RebuildNativeTypeToScriptingClass (10ms)
	initialDomainReloadingComplete (52ms)
	LoadAllAssembliesAndSetupDomain (144ms)
		LoadAssemblies (106ms)
		RebuildTransferFunctionScriptingTraits (0ms)
		AnalyzeDomain (139ms)
			TypeCache.Refresh (138ms)
				TypeCache.ScanAssembly (126ms)
			BuildScriptInfoCaches (0ms)
			ResolveRequiredComponents (0ms)
	FinalizeReload (545ms)
		ReleaseScriptCaches (0ms)
		RebuildScriptCaches (0ms)
		SetupLoadedEditorAssemblies (505ms)
			LogAssemblyErrors (0ms)
			InitializePlatformSupportModulesInManaged (287ms)
			SetLoadedEditorAssemblies (6ms)
			BeforeProcessingInitializeOnLoad (62ms)
			ProcessInitializeOnLoadAttributes (99ms)
			ProcessInitializeOnLoadMethodAttributes (50ms)
			AfterProcessingInitializeOnLoad (0ms)
			EditorAssembliesLoaded (0ms)
		ExecutionOrderSort2 (0ms)
		AwakeInstancesAfterBackupRestoration (0ms)
========================================================================
Worker process is ready to serve import requests
Import Worker Mode flag is 0x00
Begin MonoManager ReloadAssembly
- Loaded All Assemblies, in  0.707 seconds
'Packages/com.unity.cinemachine/Editor/Obsolete/CinemachineVirtualCameraBaseEditor.cs' contains partial class of Unity.Object, exactly 1 of the partial classes needs to be in a file with the same filename. This is to know the one that can be referenced from ie. GameObjects
'Packages/com.unity.render-pipelines.high-definition/Editor/Wizard/HDWizard.UIElement.cs' contains partial class of Unity.Object, exactly 1 of the partial classes needs to be in a file with the same filename. This is to know the one that can be referenced from ie. GameObjects
'Packages/com.unity.render-pipelines.high-definition/Editor/Wizard/HDWizard.Configuration.cs' contains partial class of Unity.Object, exactly 1 of the partial classes needs to be in a file with the same filename. This is to know the one that can be referenced from ie. GameObjects
'Packages/com.unity.cinemachine/Editor/Editors/CinemachineVirtualCameraBaseEditor.cs' contains partial class of Unity.Object, exactly 1 of the partial classes needs to be in a file with the same filename. This is to know the one that can be referenced from ie. GameObjects
'Packages/com.unity.render-pipelines.high-definition/Editor/Wizard/HDWizard.Window.cs' contains partial class of Unity.Object, exactly 1 of the partial classes needs to be in a file with the same filename. This is to know the one that can be referenced from ie. GameObjects
Refreshing native plugins compatible for Editor in 0.39 ms, found 3 plugins.
Native extension for Android target not found
Native extension for WindowsStandalone target not found
Package Manager log level set to [2]
[Package Manager] Failed to launch server process. Reason: Unity was launched with the -noUpm command-line argument
[Package Manager] Unable to send message (not connected to server process).
[Package Manager] Cannot connect to Unity Package Manager local server
[MODES] ModeService[none].Initialize
[MODES] ModeService[none].LoadModes
[MODES] Loading mode Default (0) for mode-current-id-RPG3D
Mono: successfully reloaded assembly
- Finished resetting the current domain, in  0.688 seconds
Domain Reload Profiling: 1394ms
	BeginReloadAssembly (148ms)
		ExecutionOrderSort (0ms)
		DisableScriptedObjects (5ms)
		BackupInstance (0ms)
		ReleaseScriptingObjects (0ms)
		CreateAndSetChildDomain (29ms)
	RebuildCommonClasses (31ms)
	RebuildNativeTypeToScriptingClass (10ms)
	initialDomainReloadingComplete (32ms)
	LoadAllAssembliesAndSetupDomain (484ms)
		LoadAssemblies (301ms)
		RebuildTransferFunctionScriptingTraits (0ms)
		AnalyzeDomain (269ms)
			TypeCache.Refresh (196ms)
				TypeCache.ScanAssembly (180ms)
			BuildScriptInfoCaches (57ms)
			ResolveRequiredComponents (13ms)
	FinalizeReload (689ms)
		ReleaseScriptCaches (0ms)
		RebuildScriptCaches (0ms)
		SetupLoadedEditorAssemblies (574ms)
			LogAssemblyErrors (0ms)
			InitializePlatformSupportModulesInManaged (10ms)
			SetLoadedEditorAssemblies (4ms)
			BeforeProcessingInitializeOnLoad (103ms)
			ProcessInitializeOnLoadAttributes (352ms)
			ProcessInitializeOnLoadMethodAttributes (102ms)
			AfterProcessingInitializeOnLoad (4ms)
			EditorAssembliesLoaded (0ms)
		ExecutionOrderSort2 (0ms)
		AwakeInstancesAfterBackupRestoration (4ms)
Launched and connected shader compiler UnityShaderCompiler.exe after 0.01 seconds
Refreshing native plugins compatible for Editor in 0.47 ms, found 3 plugins.
Preloading 0 native plugins for Editor in 0.00 ms.
Unloading 472 Unused Serialized files (Serialized files now loaded: 0)
Unloading 8062 unused Assets / (30.3 MB). Loaded Objects now: 8680.
Memory consumption went from 335.7 MB to 305.4 MB.
Total: 14.470600 ms (FindLiveObjects: 0.972600 ms CreateObjectMapping: 0.933700 ms MarkObjects: 4.933800 ms  DeleteObjects: 7.629300 ms)

========================================================================
Received Import Request.
  Time since last request: 15564.703620 seconds.
  path: Assets/Erbeilo3d_StylizeFreeProps/Content/Stylize_FreeProps/Material/Rock_Flat_Ma.mat
  artifactKey: Guid(ca36c95d2963dd54881892162a4c6c55) Importer(815301076,1909f56bfc062723c751e8b465ee728b)
Start importing Assets/Erbeilo3d_StylizeFreeProps/Content/Stylize_FreeProps/Material/Rock_Flat_Ma.mat using Guid(ca36c95d2963dd54881892162a4c6c55) Importer(815301076,1909f56bfc062723c751e8b465ee728b) (PreviewImporter) -> (artifact id: 'e0c6483d9744f51f9499eea8e9dcfa8b') in 0.173704 seconds
Number of updated asset objects reloaded before import = 0Number of asset objects unloaded after import = 4

========================================================================
Received Import Request.
  Time since last request: 1.206604 seconds.
  path: Assets/Erbeilo3d_StylizeFreeProps/Content/Stylize_FreeProps/Texture/Fantasy_Tree_BaseMap.png
  artifactKey: Guid(72f8f72da52e3b54e9d33c325f14edb8) Importer(815301076,1909f56bfc062723c751e8b465ee728b)
Start importing Assets/Erbeilo3d_StylizeFreeProps/Content/Stylize_FreeProps/Texture/Fantasy_Tree_BaseMap.png using Guid(72f8f72da52e3b54e9d33c325f14edb8) Importer(815301076,1909f56bfc062723c751e8b465ee728b) (PreviewImporter) -> (artifact id: '0cb5a37f4a0f1ca26699f737d3560466') in 0.0178905 seconds
Number of updated asset objects reloaded before import = 0Number of asset objects unloaded after import = 2

========================================================================
Received Import Request.
  Time since last request: 0.000019 seconds.
  path: Assets/Erbeilo3d_StylizeFreeProps/Content/Stylize_FreeProps/Texture/Iron_Trim_Metallic.png
  artifactKey: Guid(cea1c60ce56dd004d8c3f7dc88803541) Importer(815301076,1909f56bfc062723c751e8b465ee728b)
Start importing Assets/Erbeilo3d_StylizeFreeProps/Content/Stylize_FreeProps/Texture/Iron_Trim_Metallic.png using Guid(cea1c60ce56dd004d8c3f7dc88803541) Importer(815301076,1909f56bfc062723c751e8b465ee728b) (PreviewImporter) -> (artifact id: '8732dfa6e7f2996a7969c179e252537d') in 0.0094314 seconds
Number of updated asset objects reloaded before import = 0Number of asset objects unloaded after import = 2

========================================================================
Received Import Request.
  Time since last request: 0.000026 seconds.
  path: Assets/Erbeilo3d_StylizeFreeProps/Content/Stylize_FreeProps/Texture/Iron_Trim_Emission.png
  artifactKey: Guid(ac146720dbef76f4394f6c9edba8208a) Importer(815301076,1909f56bfc062723c751e8b465ee728b)
Start importing Assets/Erbeilo3d_StylizeFreeProps/Content/Stylize_FreeProps/Texture/Iron_Trim_Emission.png using Guid(ac146720dbef76f4394f6c9edba8208a) Importer(815301076,1909f56bfc062723c751e8b465ee728b) (PreviewImporter) -> (artifact id: '351dfe85cb6f91932ea4cddea8e33340') in 0.0096079 seconds
Number of updated asset objects reloaded before import = 0Number of asset objects unloaded after import = 2

========================================================================
Received Import Request.
  Time since last request: 0.000017 seconds.
  path: Assets/Erbeilo3d_StylizeFreeProps/Content/Stylize_FreeProps/Texture/Fantasy_Tree_MaskMap.png
  artifactKey: Guid(48abbac3ce3735648ae65086e22a2855) Importer(815301076,1909f56bfc062723c751e8b465ee728b)
Start importing Assets/Erbeilo3d_StylizeFreeProps/Content/Stylize_FreeProps/Texture/Fantasy_Tree_MaskMap.png using Guid(48abbac3ce3735648ae65086e22a2855) Importer(815301076,1909f56bfc062723c751e8b465ee728b) (PreviewImporter) -> (artifact id: '767cf9cad8e48895f3add98363d0a07b') in 0.0107784 seconds
Number of updated asset objects reloaded before import = 0Number of asset objects unloaded after import = 2

========================================================================
Received Import Request.
  Time since last request: 0.477630 seconds.
  path: Assets/Erbeilo3d_StylizeFreeProps/Content/Stylize_FreeProps/Texture/Stacked_Stone_Stylize_normal.png
  artifactKey: Guid(58b878329f187874d89aaac1c8b9dd9e) Importer(815301076,1909f56bfc062723c751e8b465ee728b)
Start importing Assets/Erbeilo3d_StylizeFreeProps/Content/Stylize_FreeProps/Texture/Stacked_Stone_Stylize_normal.png using Guid(58b878329f187874d89aaac1c8b9dd9e) Importer(815301076,1909f56bfc062723c751e8b465ee728b) (PreviewImporter) -> (artifact id: 'a45efec286dd7791dc53ae75e271d25b') in 0.017573 seconds
Number of updated asset objects reloaded before import = 0Number of asset objects unloaded after import = 2

========================================================================
Received Import Request.
  Time since last request: 0.000021 seconds.
  path: Assets/Erbeilo3d_StylizeFreeProps/Content/Stylize_FreeProps/Texture/Stump_MaskMap.png
  artifactKey: Guid(2e32d5660e1dbdc4b82fd3f73bca879e) Importer(815301076,1909f56bfc062723c751e8b465ee728b)
Start importing Assets/Erbeilo3d_StylizeFreeProps/Content/Stylize_FreeProps/Texture/Stump_MaskMap.png using Guid(2e32d5660e1dbdc4b82fd3f73bca879e) Importer(815301076,1909f56bfc062723c751e8b465ee728b) (PreviewImporter) -> (artifact id: '3b59c5d11a3dc8980f167ff271333e37') in 0.0101087 seconds
Number of updated asset objects reloaded before import = 0Number of asset objects unloaded after import = 2

========================================================================
Received Import Request.
  Time since last request: 0.000019 seconds.
  path: Assets/Erbeilo3d_StylizeFreeProps/Content/Stylize_FreeProps/Texture/Stump_Normal.png
  artifactKey: Guid(93a7c8b038829674fa4cdc7eb755e3e2) Importer(815301076,1909f56bfc062723c751e8b465ee728b)
Start importing Assets/Erbeilo3d_StylizeFreeProps/Content/Stylize_FreeProps/Texture/Stump_Normal.png using Guid(93a7c8b038829674fa4cdc7eb755e3e2) Importer(815301076,1909f56bfc062723c751e8b465ee728b) (PreviewImporter) -> (artifact id: '1294aa86f8df3e3ee57cd49f8b845e5f') in 0.0113357 seconds
Number of updated asset objects reloaded before import = 0Number of asset objects unloaded after import = 2

========================================================================
Received Import Request.
  Time since last request: 0.000019 seconds.
  path: Assets/Erbeilo3d_StylizeFreeProps/Content/Stylize_FreeProps/Texture/Wall_Lamp_._Normal.png
  artifactKey: Guid(224259e2e490eff4f8fa166bf80337c9) Importer(815301076,1909f56bfc062723c751e8b465ee728b)
Start importing Assets/Erbeilo3d_StylizeFreeProps/Content/Stylize_FreeProps/Texture/Wall_Lamp_._Normal.png using Guid(224259e2e490eff4f8fa166bf80337c9) Importer(815301076,1909f56bfc062723c751e8b465ee728b) (PreviewImporter) -> (artifact id: 'c2b69fa5f5f15a35626afe33593eafdf') in 0.0097283 seconds
Number of updated asset objects reloaded before import = 0Number of asset objects unloaded after import = 2

========================================================================
Received Import Request.
  Time since last request: 1.181535 seconds.
  path: Assets/Erbeilo3d_StylizeFreeProps/Content/Stylize_FreeProps/Prefab/Torch.prefab
  artifactKey: Guid(8a2076ae260210545a7aa0bc6afceb85) Importer(815301076,1909f56bfc062723c751e8b465ee728b)
Start importing Assets/Erbeilo3d_StylizeFreeProps/Content/Stylize_FreeProps/Prefab/Torch.prefab using Guid(8a2076ae260210545a7aa0bc6afceb85) Importer(815301076,1909f56bfc062723c751e8b465ee728b) (PreviewImporter) -> (artifact id: 'be0da4b137563b877744ffa1c5cd9c3d') in 0.0368675 seconds
Number of updated asset objects reloaded before import = 0Number of asset objects unloaded after import = 11

========================================================================
Received Import Request.
  Time since last request: 0.000023 seconds.
  path: Assets/Erbeilo3d_StylizeFreeProps/Content/Stylize_FreeProps/Prefab/Wooden_post.prefab
  artifactKey: Guid(f6f6aea12f84fbb48b4595806a68397f) Importer(815301076,1909f56bfc062723c751e8b465ee728b)
Start importing Assets/Erbeilo3d_StylizeFreeProps/Content/Stylize_FreeProps/Prefab/Wooden_post.prefab using Guid(f6f6aea12f84fbb48b4595806a68397f) Importer(815301076,1909f56bfc062723c751e8b465ee728b) (PreviewImporter) -> (artifact id: 'cf98727bccc286f0f27d45e34d36c4dc') in 0.0556711 seconds
Number of updated asset objects reloaded before import = 0Number of asset objects unloaded after import = 21

========================================================================
Received Import Request.
  Time since last request: 17.353135 seconds.
  path: Assets/Erbeilo3d_StylizeFreeProps/Content/Stylize_FreeProps/Prefab/Stylize_Ivy_V8.prefab
  artifactKey: Guid(2bdcdc9c5b60425469d49d014db1f2a3) Importer(815301076,1909f56bfc062723c751e8b465ee728b)
Start importing Assets/Erbeilo3d_StylizeFreeProps/Content/Stylize_FreeProps/Prefab/Stylize_Ivy_V8.prefab using Guid(2bdcdc9c5b60425469d49d014db1f2a3) Importer(815301076,1909f56bfc062723c751e8b465ee728b) (PreviewImporter) -> (artifact id: '174d7b2839c4d53f420c6cd8b957892e') in 0.0106236 seconds
Number of updated asset objects reloaded before import = 0Number of asset objects unloaded after import = 9

========================================================================
Received Import Request.
  Time since last request: 0.000023 seconds.
  path: Assets/Erbeilo3d_StylizeFreeProps/Content/Stylize_FreeProps/Prefab/Ragr.prefab
  artifactKey: Guid(0620b68fbba100249aa254d49166093d) Importer(815301076,1909f56bfc062723c751e8b465ee728b)
Start importing Assets/Erbeilo3d_StylizeFreeProps/Content/Stylize_FreeProps/Prefab/Ragr.prefab using Guid(0620b68fbba100249aa254d49166093d) Importer(815301076,1909f56bfc062723c751e8b465ee728b) (PreviewImporter) -> (artifact id: 'da989908d018ea00e81ccc365134bfe2') in 0.0149854 seconds
Number of updated asset objects reloaded before import = 0Number of asset objects unloaded after import = 12

========================================================================
Received Import Request.
  Time since last request: 0.000034 seconds.
  path: Assets/Erbeilo3d_StylizeFreeProps/Content/Stylize_FreeProps/Prefab/Pumpkin_03.prefab
  artifactKey: Guid(3bc63a0abd08c2b4db5366a6bef6f116) Importer(815301076,1909f56bfc062723c751e8b465ee728b)
Start importing Assets/Erbeilo3d_StylizeFreeProps/Content/Stylize_FreeProps/Prefab/Pumpkin_03.prefab using Guid(3bc63a0abd08c2b4db5366a6bef6f116) Importer(815301076,1909f56bfc062723c751e8b465ee728b) (PreviewImporter) -> (artifact id: '30dc7696055da09eefddf34cd0fc7400') in 0.0157931 seconds
Number of updated asset objects reloaded before import = 0Number of asset objects unloaded after import = 12

========================================================================
Received Import Request.
  Time since last request: 0.000035 seconds.
  path: Assets/Erbeilo3d_StylizeFreeProps/Content/Stylize_FreeProps/Prefab/Iron_XSupport.prefab
  artifactKey: Guid(3054a948bdd7d6049a7a4935e55ac150) Importer(815301076,1909f56bfc062723c751e8b465ee728b)
Start importing Assets/Erbeilo3d_StylizeFreeProps/Content/Stylize_FreeProps/Prefab/Iron_XSupport.prefab using Guid(3054a948bdd7d6049a7a4935e55ac150) Importer(815301076,1909f56bfc062723c751e8b465ee728b) (PreviewImporter) -> (artifact id: 'a27f024d4b81c654759c990ce66d516e') in 0.0175317 seconds
Number of updated asset objects reloaded before import = 0Number of asset objects unloaded after import = 11

========================================================================
Received Import Request.
  Time since last request: 0.000030 seconds.
  path: Assets/Erbeilo3d_StylizeFreeProps/Content/Stylize_FreeProps/Prefab/Ironfence.prefab
  artifactKey: Guid(bc305314097331a4eabf58af0a80b3ee) Importer(815301076,1909f56bfc062723c751e8b465ee728b)
Start importing Assets/Erbeilo3d_StylizeFreeProps/Content/Stylize_FreeProps/Prefab/Ironfence.prefab using Guid(bc305314097331a4eabf58af0a80b3ee) Importer(815301076,1909f56bfc062723c751e8b465ee728b) (PreviewImporter) -> (artifact id: 'd91dd94c170f63c148131a9f0e4f011a') in 0.0181696 seconds
Number of updated asset objects reloaded before import = 0Number of asset objects unloaded after import = 12

========================================================================
Received Import Request.
  Time since last request: 0.000020 seconds.
  path: Assets/Erbeilo3d_StylizeFreeProps/Content/Stylize_FreeProps/Prefab/Tine_Block.prefab
  artifactKey: Guid(7c8f160dd7ca34c479f8bb1ecbc4e88e) Importer(815301076,1909f56bfc062723c751e8b465ee728b)
Start importing Assets/Erbeilo3d_StylizeFreeProps/Content/Stylize_FreeProps/Prefab/Tine_Block.prefab using Guid(7c8f160dd7ca34c479f8bb1ecbc4e88e) Importer(815301076,1909f56bfc062723c751e8b465ee728b) (PreviewImporter) -> (artifact id: 'bff949a464ef2e3226329027d7ed0ffe') in 0.0116431 seconds
Number of updated asset objects reloaded before import = 0Number of asset objects unloaded after import = 12

========================================================================
Received Import Request.
  Time since last request: 0.533389 seconds.
  path: Assets/Erbeilo3d_StylizeFreeProps/Content/Stylize_FreeProps/Prefab/Iron_Lamp.prefab
  artifactKey: Guid(eb670ac98b403b14ba64e2d7b393dec0) Importer(815301076,1909f56bfc062723c751e8b465ee728b)
Start importing Assets/Erbeilo3d_StylizeFreeProps/Content/Stylize_FreeProps/Prefab/Iron_Lamp.prefab using Guid(eb670ac98b403b14ba64e2d7b393dec0) Importer(815301076,1909f56bfc062723c751e8b465ee728b) (PreviewImporter) -> (artifact id: 'ae72c36e43f336402a029a42cac4218f') in 0.0447525 seconds
Number of updated asset objects reloaded before import = 0Number of asset objects unloaded after import = 21

========================================================================
Received Import Request.
  Time since last request: 0.000031 seconds.
  path: Assets/Erbeilo3d_StylizeFreeProps/Content/Stylize_FreeProps/Prefab/fence4_.prefab
  artifactKey: Guid(c47ea7e90175b1143a3ba28317325453) Importer(815301076,1909f56bfc062723c751e8b465ee728b)
Start importing Assets/Erbeilo3d_StylizeFreeProps/Content/Stylize_FreeProps/Prefab/fence4_.prefab using Guid(c47ea7e90175b1143a3ba28317325453) Importer(815301076,1909f56bfc062723c751e8b465ee728b) (PreviewImporter) -> (artifact id: '16b11d55d3a444b68acdad0c37982959') in 0.01243 seconds
Number of updated asset objects reloaded before import = 0Number of asset objects unloaded after import = 11

========================================================================
Received Import Request.
  Time since last request: 0.000027 seconds.
  path: Assets/Erbeilo3d_StylizeFreeProps/Content/Stylize_FreeProps/Prefab/fence1_.prefab
  artifactKey: Guid(2de80870bb9dcf54184341b8764bb388) Importer(815301076,1909f56bfc062723c751e8b465ee728b)
Start importing Assets/Erbeilo3d_StylizeFreeProps/Content/Stylize_FreeProps/Prefab/fence1_.prefab using Guid(2de80870bb9dcf54184341b8764bb388) Importer(815301076,1909f56bfc062723c751e8b465ee728b) (PreviewImporter) -> (artifact id: '53c9e153a5e17fa8c794592660880d46') in 0.0118841 seconds
Number of updated asset objects reloaded before import = 0Number of asset objects unloaded after import = 11

========================================================================
Received Import Request.
  Time since last request: 0.000036 seconds.
  path: Assets/Erbeilo3d_StylizeFreeProps/Content/Stylize_FreeProps/Prefab/fence_.prefab
  artifactKey: Guid(13626cc8162e3314983759fd97196fab) Importer(815301076,1909f56bfc062723c751e8b465ee728b)
Start importing Assets/Erbeilo3d_StylizeFreeProps/Content/Stylize_FreeProps/Prefab/fence_.prefab using Guid(13626cc8162e3314983759fd97196fab) Importer(815301076,1909f56bfc062723c751e8b465ee728b) (PreviewImporter) -> (artifact id: 'c3d4d04bcb2776327a96010250fbcdf4') in 0.0174073 seconds
Number of updated asset objects reloaded before import = 0Number of asset objects unloaded after import = 12

========================================================================
Received Import Request.
  Time since last request: 0.086601 seconds.
  path: Assets/Erbeilo3d_StylizeFreeProps/Content/Stylize_FreeProps/Prefab/Crate_Fruit_V2.prefab
  artifactKey: Guid(715a7803648572844b9d7edca7340899) Importer(815301076,1909f56bfc062723c751e8b465ee728b)
Start importing Assets/Erbeilo3d_StylizeFreeProps/Content/Stylize_FreeProps/Prefab/Crate_Fruit_V2.prefab using Guid(715a7803648572844b9d7edca7340899) Importer(815301076,1909f56bfc062723c751e8b465ee728b) (PreviewImporter) -> (artifact id: '32569fa6435d61b5076ab0f4c01f00d5') in 0.0726638 seconds
Number of updated asset objects reloaded before import = 0Number of asset objects unloaded after import = 12

========================================================================
Received Import Request.
  Time since last request: 28.177912 seconds.
  path: Assets/Erbeilo3d_StylizeFreeProps/Content/Stylize_FreeProps/Prefab/Block_3_1.prefab
  artifactKey: Guid(3f8039225ed62cf4690b5b7ca3454d19) Importer(815301076,1909f56bfc062723c751e8b465ee728b)
Start importing Assets/Erbeilo3d_StylizeFreeProps/Content/Stylize_FreeProps/Prefab/Block_3_1.prefab using Guid(3f8039225ed62cf4690b5b7ca3454d19) Importer(815301076,1909f56bfc062723c751e8b465ee728b) (PreviewImporter) -> (artifact id: '0fb62f43d1153441461d45d8aeaa7797') in 0.0472164 seconds
Number of updated asset objects reloaded before import = 0Number of asset objects unloaded after import = 11

========================================================================
Received Import Request.
  Time since last request: 0.000019 seconds.
  path: Assets/Erbeilo3d_StylizeFreeProps/Content/Stylize_FreeProps/Prefab/Crate_Fruit_V0.prefab
  artifactKey: Guid(dc1022c6be8bbeb4f9fa4bbf9330ca58) Importer(815301076,1909f56bfc062723c751e8b465ee728b)
Start importing Assets/Erbeilo3d_StylizeFreeProps/Content/Stylize_FreeProps/Prefab/Crate_Fruit_V0.prefab using Guid(dc1022c6be8bbeb4f9fa4bbf9330ca58) Importer(815301076,1909f56bfc062723c751e8b465ee728b) (PreviewImporter) -> (artifact id: 'a5889a6bb99338cad9c47046bbbea4ac') in 0.0253025 seconds
Number of updated asset objects reloaded before import = 0Number of asset objects unloaded after import = 12

========================================================================
Received Import Request.
  Time since last request: 0.000025 seconds.
  path: Assets/Erbeilo3d_StylizeFreeProps/Content/Stylize_FreeProps/Prefab/Crate_V0.prefab
  artifactKey: Guid(9f2b5dfd081832c40b75239efab7f202) Importer(815301076,1909f56bfc062723c751e8b465ee728b)
Start importing Assets/Erbeilo3d_StylizeFreeProps/Content/Stylize_FreeProps/Prefab/Crate_V0.prefab using Guid(9f2b5dfd081832c40b75239efab7f202) Importer(815301076,1909f56bfc062723c751e8b465ee728b) (PreviewImporter) -> (artifact id: '4d079ead19596341ee00b6bdc0a50f71') in 0.0232054 seconds
Number of updated asset objects reloaded before import = 0Number of asset objects unloaded after import = 12

Editor requested this worker to shutdown with reason: Scaling down because of idle timeout
AssetImportWorker is now disconnected from the server
Process exiting
Exiting without the bug reporter. Application will terminate with return code 0